Using pre-set license
Built from '2020.3/staging' branch; Version is '2020.3.8f1 (507919d4fff5) revision 5273881'; Using compiler version '192528614'; Build Type 'Release'
OS: 'Windows 10 Home Single Language; OS build 19042.985; Version 2009; 64bit' Language: 'ru' Physical Memory: 6030 MB
BatchMode: 1, IsHumanControllingUs: 0, StartBugReporterOnCrash: 0, Is64bit: 1, IsPro: 0

 COMMAND LINE ARGUMENTS:
C:\Program Files\Unity\Hub\Editor\2020.3.8f1\Editor\Unity.exe
-adb2
-batchMode
-noUpm
-name
AssetImportWorker0
-projectPath
C:/Users/bezdi/unity project/UnityProject
-logFile
Logs/AssetImportWorker0.log
-srvPort
65164
Successfully changed project path to: C:/Users/bezdi/unity project/UnityProject
C:/Users/bezdi/unity project/UnityProject
Using Asset Import Pipeline V2.
Refreshing native plugins compatible for Editor in 30.09 ms, found 0 plugins.
Preloading 0 native plugins for Editor in 0.00 ms.
Initialize engine version: 2020.3.8f1 (507919d4fff5)
[Subsystems] Discovering subsystems at path C:/Program Files/Unity/Hub/Editor/2020.3.8f1/Editor/Data/Resources/UnitySubsystems
[Subsystems] Discovering subsystems at path C:/Users/bezdi/unity project/UnityProject/Assets
GfxDevice: creating device client; threaded=0
Direct3D:
    Version:  Direct3D 11.0 [level 11.0]
    Renderer: NVIDIA GeForce GTX 950M (ID=0x139a)
    Vendor:   
    VRAM:     2007 MB
    Driver:   27.21.14.6140
Initialize mono
Mono path[0] = 'C:/Program Files/Unity/Hub/Editor/2020.3.8f1/Editor/Data/Managed'
Mono path[1] = 'C:/Program Files/Unity/Hub/Editor/2020.3.8f1/Editor/Data/MonoBleedingEdge/lib/mono/unityjit'
Mono config path = 'C:/Program Files/Unity/Hub/Editor/2020.3.8f1/Editor/Data/MonoBleedingEdge/etc'
Using monoOptions --debugger-agent=transport=dt_socket,embedding=1,server=y,suspend=n,address=127.0.0.1:56832
Begin MonoManager ReloadAssembly
Registering precompiled unity dll's ...
Register platform support module: C:/Program Files/Unity/Hub/Editor/2020.3.8f1/Editor/Data/PlaybackEngines/WindowsStandaloneSupport/UnityEditor.WindowsStandalone.Extensions.dll
Registered in 0.003435 seconds.
Native extension for WindowsStandalone target not found
Refreshing native plugins compatible for Editor in 29.47 ms, found 0 plugins.
Preloading 0 native plugins for Editor in 0.00 ms.
Mono: successfully reloaded assembly
- Completed reload, in  1.732 seconds
Platform modules already initialized, skipping
Registering precompiled user dll's ...
Registered in 0.001269 seconds.
Begin MonoManager ReloadAssembly
Native extension for WindowsStandalone target not found
Refreshing native plugins compatible for Editor in 0.23 ms, found 0 plugins.
Preloading 0 native plugins for Editor in 0.00 ms.
Mono: successfully reloaded assembly
- Completed reload, in  1.157 seconds
Platform modules already initialized, skipping
========================================================================
Worker process is ready to serve import requests
Launched and connected shader compiler UnityShaderCompiler.exe after 0.10 seconds
Refreshing native plugins compatible for Editor in 0.22 ms, found 0 plugins.
Preloading 0 native plugins for Editor in 0.00 ms.
Unloading 1121 Unused Serialized files (Serialized files now loaded: 0)
System memory in use before: 57.4 MB.
System memory in use after: 57.4 MB.

Unloading 10 unused Assets to reduce memory usage. Loaded Objects now: 1563.
Total: 2.083200 ms (FindLiveObjects: 0.191000 ms CreateObjectMapping: 0.041200 ms MarkObjects: 1.753600 ms  DeleteObjects: 0.095700 ms)

========================================================================
Received Import Request.
  path: Assets/Material/New Material.mat
  artifactKey: Guid(8e43a883696a9f24093976dc408bb0f3) Importer(815301076,1909f56bfc062723c751e8b465ee728b)
Start importing Assets/Material/New Material.mat using Guid(8e43a883696a9f24093976dc408bb0f3) Importer(815301076,1909f56bfc062723c751e8b465ee728b)  -> (artifact id: '2aa328f1f53c4b26315956136afb504f') in 0.241728 seconds
  Import took 0.244337 seconds .

========================================================================
Received Import Request.
  Time since last request: 34.486760 seconds.
  path: Assets/Material/gun.mat
  artifactKey: Guid(d1c5cce89e12d544b9d5f0d15e0dca88) Importer(815301076,1909f56bfc062723c751e8b465ee728b)
Start importing Assets/Material/gun.mat using Guid(d1c5cce89e12d544b9d5f0d15e0dca88) Importer(815301076,1909f56bfc062723c751e8b465ee728b)  -> (artifact id: '0c61920c8c68974da9b0d0d62113064b') in 0.044806 seconds
  Import took 0.048237 seconds .

========================================================================
Received Import Request.
  Time since last request: 89.338351 seconds.
  path: Assets/Material/gun.mat
  artifactKey: Guid(d1c5cce89e12d544b9d5f0d15e0dca88) Importer(815301076,1909f56bfc062723c751e8b465ee728b)
Start importing Assets/Material/gun.mat using Guid(d1c5cce89e12d544b9d5f0d15e0dca88) Importer(815301076,1909f56bfc062723c751e8b465ee728b)  -> (artifact id: '5f23be502629c9b975a196804bd9d950') in 0.039656 seconds
  Import took 0.049004 seconds .

========================================================================
Received Import Request.
  Time since last request: 0.000271 seconds.
  path: Assets/Material/player.mat
  artifactKey: Guid(023a5eadf9f2daa4bae037b714613d87) Importer(815301076,1909f56bfc062723c751e8b465ee728b)
Start importing Assets/Material/player.mat using Guid(023a5eadf9f2daa4bae037b714613d87) Importer(815301076,1909f56bfc062723c751e8b465ee728b)  -> (artifact id: '08bd9eacf932e65fa969c57c8f113cdb') in 0.066759 seconds
  Import took 0.071290 seconds .

========================================================================
Received Import Request.
  Time since last request: 0.004066 seconds.
  path: Assets/Material/player.mat
  artifactKey: Guid(023a5eadf9f2daa4bae037b714613d87) Importer(815301076,1909f56bfc062723c751e8b465ee728b)
Start importing Assets/Material/player.mat using Guid(023a5eadf9f2daa4bae037b714613d87) Importer(815301076,1909f56bfc062723c751e8b465ee728b)  -> (artifact id: '08bd9eacf932e65fa969c57c8f113cdb') in 0.057841 seconds
  Import took 0.063027 seconds .

========================================================================
Received Prepare
Registering precompiled user dll's ...
Registered in 0.001194 seconds.
Begin MonoManager ReloadAssembly
Native extension for WindowsStandalone target not found
Refreshing native plugins compatible for Editor in 0.24 ms, found 0 plugins.
Preloading 0 native plugins for Editor in 0.00 ms.
Mono: successfully reloaded assembly
- Completed reload, in  1.083 seconds
Platform modules already initialized, skipping
Refreshing native plugins compatible for Editor in 0.33 ms, found 0 plugins.
Preloading 0 native plugins for Editor in 0.00 ms.
Unloading 1116 Unused Serialized files (Serialized files now loaded: 0)
System memory in use before: 60.6 MB.
System memory in use after: 60.7 MB.

Unloading 5 unused Assets to reduce memory usage. Loaded Objects now: 1606.
Total: 2.769100 ms (FindLiveObjects: 0.150000 ms CreateObjectMapping: 0.054100 ms MarkObjects: 2.493200 ms  DeleteObjects: 0.070200 ms)

========================================================================
Received Prepare
Registering precompiled user dll's ...
Registered in 0.001131 seconds.
Begin MonoManager ReloadAssembly
Native extension for WindowsStandalone target not found
Refreshing native plugins compatible for Editor in 0.23 ms, found 0 plugins.
Preloading 0 native plugins for Editor in 0.00 ms.
Mono: successfully reloaded assembly
- Completed reload, in  1.137 seconds
Platform modules already initialized, skipping
Refreshing native plugins compatible for Editor in 0.59 ms, found 0 plugins.
Preloading 0 native plugins for Editor in 0.00 ms.
Unloading 1116 Unused Serialized files (Serialized files now loaded: 0)
System memory in use before: 60.7 MB.
System memory in use after: 60.7 MB.

Unloading 5 unused Assets to reduce memory usage. Loaded Objects now: 1609.
Total: 1.832300 ms (FindLiveObjects: 0.190100 ms CreateObjectMapping: 0.051200 ms MarkObjects: 1.523400 ms  DeleteObjects: 0.065700 ms)

========================================================================
Received Prepare
Registering precompiled user dll's ...
Registered in 0.001154 seconds.
Begin MonoManager ReloadAssembly
Native extension for WindowsStandalone target not found
Refreshing native plugins compatible for Editor in 0.22 ms, found 0 plugins.
Preloading 0 native plugins for Editor in 0.00 ms.
Mono: successfully reloaded assembly
- Completed reload, in  1.172 seconds
Platform modules already initialized, skipping
Refreshing native plugins compatible for Editor in 0.21 ms, found 0 plugins.
Preloading 0 native plugins for Editor in 0.00 ms.
Unloading 1116 Unused Serialized files (Serialized files now loaded: 0)
System memory in use before: 60.7 MB.
System memory in use after: 60.8 MB.

Unloading 5 unused Assets to reduce memory usage. Loaded Objects now: 1612.
Total: 2.194500 ms (FindLiveObjects: 0.163100 ms CreateObjectMapping: 0.035300 ms MarkObjects: 1.914800 ms  DeleteObjects: 0.079600 ms)

========================================================================
Received Prepare
Registering precompiled user dll's ...
Registered in 0.001482 seconds.
Begin MonoManager ReloadAssembly
Native extension for WindowsStandalone target not found
Refreshing native plugins compatible for Editor in 0.33 ms, found 0 plugins.
Preloading 0 native plugins for Editor in 0.00 ms.
Mono: successfully reloaded assembly
- Completed reload, in  1.209 seconds
Platform modules already initialized, skipping
Refreshing native plugins compatible for Editor in 0.37 ms, found 0 plugins.
Preloading 0 native plugins for Editor in 0.00 ms.
Unloading 1116 Unused Serialized files (Serialized files now loaded: 0)
System memory in use before: 60.7 MB.
System memory in use after: 60.8 MB.

Unloading 5 unused Assets to reduce memory usage. Loaded Objects now: 1615.
Total: 2.477000 ms (FindLiveObjects: 0.198800 ms CreateObjectMapping: 0.082100 ms MarkObjects: 2.103200 ms  DeleteObjects: 0.091300 ms)

========================================================================
Received Import Request.
  Time since last request: 908.400102 seconds.
  path: Assets/anim
  artifactKey: Guid(d2eeeaa7f9ef5b440a7d8c7e8c9b8dfd) Importer(815301076,1909f56bfc062723c751e8b465ee728b)
Start importing Assets/anim using Guid(d2eeeaa7f9ef5b440a7d8c7e8c9b8dfd) Importer(815301076,1909f56bfc062723c751e8b465ee728b)  -> (artifact id: '1dfd6963726e6758cbeecd7704e8d46a') in 0.052447 seconds
  Import took 0.055453 seconds .

========================================================================
Received Import Request.
  Time since last request: 9.554196 seconds.
  path: Assets/anim/Animation
  artifactKey: Guid(e04745840ddaa7f40b1e57711349ed55) Importer(815301076,1909f56bfc062723c751e8b465ee728b)
Start importing Assets/anim/Animation using Guid(e04745840ddaa7f40b1e57711349ed55) Importer(815301076,1909f56bfc062723c751e8b465ee728b)  -> (artifact id: 'efd169a8e9c00c66ef7a957289e8fe03') in 0.021025 seconds
  Import took 0.024154 seconds .

========================================================================
Received Import Request.
  Time since last request: 5.993699 seconds.
  path: Assets/anim/Animator
  artifactKey: Guid(ba67512102c26b54bae76d9825f471a9) Importer(815301076,1909f56bfc062723c751e8b465ee728b)
Start importing Assets/anim/Animator using Guid(ba67512102c26b54bae76d9825f471a9) Importer(815301076,1909f56bfc062723c751e8b465ee728b)  -> (artifact id: 'a70efd8aa61712e84e9a626ce07bd6ea') in 0.020112 seconds
  Import took 0.023851 seconds .

========================================================================
Received Prepare
Registering precompiled user dll's ...
Registered in 0.001139 seconds.
Begin MonoManager ReloadAssembly
Native extension for WindowsStandalone target not found
Refreshing native plugins compatible for Editor in 0.24 ms, found 0 plugins.
Preloading 0 native plugins for Editor in 0.00 ms.
Mono: successfully reloaded assembly
- Completed reload, in  1.261 seconds
Platform modules already initialized, skipping
Refreshing native plugins compatible for Editor in 0.22 ms, found 0 plugins.
Preloading 0 native plugins for Editor in 0.00 ms.
Unloading 1116 Unused Serialized files (Serialized files now loaded: 0)
System memory in use before: 60.7 MB.
System memory in use after: 60.8 MB.

Unloading 5 unused Assets to reduce memory usage. Loaded Objects now: 1618.
Total: 3.514500 ms (FindLiveObjects: 0.228600 ms CreateObjectMapping: 0.083900 ms MarkObjects: 3.111100 ms  DeleteObjects: 0.089300 ms)

========================================================================
Received Import Request.
  Time since last request: 694.770050 seconds.
  path: Assets/anim/Animator/player.controller
  artifactKey: Guid(7885be211744c674c913bc1693322cb4) Importer(815301076,1909f56bfc062723c751e8b465ee728b)
Start importing Assets/anim/Animator/player.controller using Guid(7885be211744c674c913bc1693322cb4) Importer(815301076,1909f56bfc062723c751e8b465ee728b)  -> (artifact id: 'dca732f8f013513bdd8ca7d06bd47d07') in 0.057436 seconds
  Import took 0.065093 seconds .

========================================================================
Received Import Request.
  Time since last request: 40.983661 seconds.
  path: Assets/anim/Animator/player.controller
  artifactKey: Guid(7885be211744c674c913bc1693322cb4) Importer(815301076,1909f56bfc062723c751e8b465ee728b)
Start importing Assets/anim/Animator/player.controller using Guid(7885be211744c674c913bc1693322cb4) Importer(815301076,1909f56bfc062723c751e8b465ee728b)  -> (artifact id: '5b5b5493920a19a6fc816b4af6f45af5') in 0.027330 seconds
  Import took 0.032010 seconds .

========================================================================
Received Prepare
Registering precompiled user dll's ...
Registered in 0.002556 seconds.
Begin MonoManager ReloadAssembly
Native extension for WindowsStandalone target not found
Refreshing native plugins compatible for Editor in 0.34 ms, found 0 plugins.
Preloading 0 native plugins for Editor in 0.00 ms.
Mono: successfully reloaded assembly
- Completed reload, in  3.051 seconds
Platform modules already initialized, skipping
Refreshing native plugins compatible for Editor in 0.57 ms, found 0 plugins.
Preloading 0 native plugins for Editor in 0.00 ms.
Unloading 1116 Unused Serialized files (Serialized files now loaded: 0)
System memory in use before: 60.7 MB.
System memory in use after: 60.8 MB.

Unloading 5 unused Assets to reduce memory usage. Loaded Objects now: 1621.
Total: 11.688200 ms (FindLiveObjects: 0.327800 ms CreateObjectMapping: 0.174100 ms MarkObjects: 10.693000 ms  DeleteObjects: 0.490400 ms)

========================================================================
Received Import Request.
  Time since last request: 181.615114 seconds.
  path: Assets/Script/PlayerMovement.cs
  artifactKey: Guid(35fe86c2c9f6d0f4a9813ca2f7eff84e) Importer(815301076,1909f56bfc062723c751e8b465ee728b)
Start importing Assets/Script/PlayerMovement.cs using Guid(35fe86c2c9f6d0f4a9813ca2f7eff84e) Importer(815301076,1909f56bfc062723c751e8b465ee728b)  -> (artifact id: 'c6b73375aed904d5d9327dccb4cad21f') in 0.160622 seconds
  Import took 0.177181 seconds .

========================================================================
Received Prepare
Registering precompiled user dll's ...
Registered in 0.001203 seconds.
Begin MonoManager ReloadAssembly
Native extension for WindowsStandalone target not found
Refreshing native plugins compatible for Editor in 0.30 ms, found 0 plugins.
Preloading 0 native plugins for Editor in 0.00 ms.
Mono: successfully reloaded assembly
- Completed reload, in  1.165 seconds
Platform modules already initialized, skipping
Refreshing native plugins compatible for Editor in 0.23 ms, found 0 plugins.
Preloading 0 native plugins for Editor in 0.00 ms.
Unloading 1116 Unused Serialized files (Serialized files now loaded: 0)
System memory in use before: 60.7 MB.
System memory in use after: 60.8 MB.

Unloading 5 unused Assets to reduce memory usage. Loaded Objects now: 1624.
Total: 2.121100 ms (FindLiveObjects: 0.165400 ms CreateObjectMapping: 0.039100 ms MarkObjects: 1.811000 ms  DeleteObjects: 0.104400 ms)

========================================================================
Received Import Request.
  Time since last request: 51.396126 seconds.
  path: Assets/Script/PlayerMovement.cs
  artifactKey: Guid(35fe86c2c9f6d0f4a9813ca2f7eff84e) Importer(815301076,1909f56bfc062723c751e8b465ee728b)
Start importing Assets/Script/PlayerMovement.cs using Guid(35fe86c2c9f6d0f4a9813ca2f7eff84e) Importer(815301076,1909f56bfc062723c751e8b465ee728b)  -> (artifact id: '2cd8fb67bcc1b41903a4271cc68d32db') in 0.012094 seconds
  Import took 0.020434 seconds .

========================================================================
Received Prepare
Registering precompiled user dll's ...
Registered in 0.002169 seconds.
Begin MonoManager ReloadAssembly
Native extension for WindowsStandalone target not found
Refreshing native plugins compatible for Editor in 0.23 ms, found 0 plugins.
Preloading 0 native plugins for Editor in 0.00 ms.
Mono: successfully reloaded assembly
- Completed reload, in  1.175 seconds
Platform modules already initialized, skipping
Refreshing native plugins compatible for Editor in 0.21 ms, found 0 plugins.
Preloading 0 native plugins for Editor in 0.00 ms.
Unloading 1116 Unused Serialized files (Serialized files now loaded: 0)
System memory in use before: 60.7 MB.
System memory in use after: 60.8 MB.

Unloading 5 unused Assets to reduce memory usage. Loaded Objects now: 1627.
Total: 2.603600 ms (FindLiveObjects: 0.165100 ms CreateObjectMapping: 0.038100 ms MarkObjects: 2.329400 ms  DeleteObjects: 0.069700 ms)

========================================================================
Received Prepare
Registering precompiled user dll's ...
Registered in 0.001206 seconds.
Begin MonoManager ReloadAssembly
Native extension for WindowsStandalone target not found
Refreshing native plugins compatible for Editor in 0.44 ms, found 0 plugins.
Preloading 0 native plugins for Editor in 0.00 ms.
Mono: successfully reloaded assembly
- Completed reload, in  1.277 seconds
Platform modules already initialized, skipping
Refreshing native plugins compatible for Editor in 0.46 ms, found 0 plugins.
Preloading 0 native plugins for Editor in 0.00 ms.
Unloading 1116 Unused Serialized files (Serialized files now loaded: 0)
System memory in use before: 60.7 MB.
System memory in use after: 60.8 MB.

Unloading 5 unused Assets to reduce memory usage. Loaded Objects now: 1630.
Total: 1.979100 ms (FindLiveObjects: 0.149300 ms CreateObjectMapping: 0.040200 ms MarkObjects: 1.710500 ms  DeleteObjects: 0.077600 ms)

========================================================================
Received Import Request.
  Time since last request: 69.752436 seconds.
  path: Assets/anim/Animator/player.controller
  artifactKey: Guid(7885be211744c674c913bc1693322cb4) Importer(815301076,1909f56bfc062723c751e8b465ee728b)
Start importing Assets/anim/Animator/player.controller using Guid(7885be211744c674c913bc1693322cb4) Importer(815301076,1909f56bfc062723c751e8b465ee728b)  -> (artifact id: 'a4e43f01e4e96e2413b126417fc241c6') in 0.147401 seconds
  Import took 0.155913 seconds .

========================================================================
Received Prepare
Registering precompiled user dll's ...
Registered in 0.001419 seconds.
Begin MonoManager ReloadAssembly
Native extension for WindowsStandalone target not found
Refreshing native plugins compatible for Editor in 0.30 ms, found 0 plugins.
Preloading 0 native plugins for Editor in 0.00 ms.
Mono: successfully reloaded assembly
- Completed reload, in  1.099 seconds
Platform modules already initialized, skipping
Refreshing native plugins compatible for Editor in 0.22 ms, found 0 plugins.
Preloading 0 native plugins for Editor in 0.00 ms.
Unloading 1116 Unused Serialized files (Serialized files now loaded: 0)
System memory in use before: 60.8 MB.
System memory in use after: 60.8 MB.

Unloading 5 unused Assets to reduce memory usage. Loaded Objects now: 1633.
Total: 2.135900 ms (FindLiveObjects: 0.171600 ms CreateObjectMapping: 0.043100 ms MarkObjects: 1.859300 ms  DeleteObjects: 0.060400 ms)

========================================================================
Received Import Request.
  Time since last request: 110.971457 seconds.
  path: Assets/anim/Animator/character.controller
  artifactKey: Guid(19df2f3516a9ad849a4e5937093fc32b) Importer(815301076,1909f56bfc062723c751e8b465ee728b)
Start importing Assets/anim/Animator/character.controller using Guid(19df2f3516a9ad849a4e5937093fc32b) Importer(815301076,1909f56bfc062723c751e8b465ee728b)  -> (artifact id: 'adc18ddf85d7876561a5e7d8b0258b10') in 0.173621 seconds
  Import took 0.182768 seconds .

========================================================================
Received Prepare
Registering precompiled user dll's ...
Registered in 0.001232 seconds.
Begin MonoManager ReloadAssembly
Native extension for WindowsStandalone target not found
Refreshing native plugins compatible for Editor in 0.23 ms, found 0 plugins.
Preloading 0 native plugins for Editor in 0.00 ms.
Mono: successfully reloaded assembly
- Completed reload, in  1.067 seconds
Platform modules already initialized, skipping
Refreshing native plugins compatible for Editor in 0.26 ms, found 0 plugins.
Preloading 0 native plugins for Editor in 0.00 ms.
Unloading 1116 Unused Serialized files (Serialized files now loaded: 0)
System memory in use before: 60.8 MB.
System memory in use after: 60.8 MB.

Unloading 5 unused Assets to reduce memory usage. Loaded Objects now: 1636.
Total: 2.072800 ms (FindLiveObjects: 0.221500 ms CreateObjectMapping: 0.094400 ms MarkObjects: 1.687800 ms  DeleteObjects: 0.067900 ms)

========================================================================
Received Import Request.
  Time since last request: 511.446272 seconds.
  path: Assets/Material/gun 1.mat
  artifactKey: Guid(4cb6d4fee7bfe274c899a87800beb1b8) Importer(815301076,1909f56bfc062723c751e8b465ee728b)
Start importing Assets/Material/gun 1.mat using Guid(4cb6d4fee7bfe274c899a87800beb1b8) Importer(815301076,1909f56bfc062723c751e8b465ee728b)  -> (artifact id: '26e08806e42a23a89f5820d89f4a0262') in 0.374513 seconds
  Import took 0.376916 seconds .

========================================================================
Received Import Request.
  Time since last request: 25.568572 seconds.
  path: Assets/Material/gun 2.mat
  artifactKey: Guid(3550f77c58e70044ebdddf0f9f4abc42) Importer(815301076,1909f56bfc062723c751e8b465ee728b)
Start importing Assets/Material/gun 2.mat using Guid(3550f77c58e70044ebdddf0f9f4abc42) Importer(815301076,1909f56bfc062723c751e8b465ee728b)  -> (artifact id: '411a345f955347390749998c7fde78ca') in 0.029507 seconds
  Import took 0.039308 seconds .

========================================================================
Received Import Request.
  Time since last request: 34.392405 seconds.
  path: Assets/Material/gun 3.mat
  artifactKey: Guid(5c5128030254abc46ab4e4260c4104e0) Importer(815301076,1909f56bfc062723c751e8b465ee728b)
Start importing Assets/Material/gun 3.mat using Guid(5c5128030254abc46ab4e4260c4104e0) Importer(815301076,1909f56bfc062723c751e8b465ee728b)  -> (artifact id: 'c536b38503464444eb3828a770745800') in 0.043919 seconds
  Import took 0.052822 seconds .

========================================================================
Received Prepare
Registering precompiled user dll's ...
Registered in 0.001740 seconds.
Begin MonoManager ReloadAssembly
Native extension for WindowsStandalone target not found
Refreshing native plugins compatible for Editor in 0.27 ms, found 0 plugins.
Preloading 0 native plugins for Editor in 0.00 ms.
Mono: successfully reloaded assembly
- Completed reload, in  1.424 seconds
Platform modules already initialized, skipping
Refreshing native plugins compatible for Editor in 0.24 ms, found 0 plugins.
Preloading 0 native plugins for Editor in 0.00 ms.
Unloading 1116 Unused Serialized files (Serialized files now loaded: 0)
System memory in use before: 60.8 MB.
System memory in use after: 60.8 MB.

Unloading 5 unused Assets to reduce memory usage. Loaded Objects now: 1640.
Total: 3.276800 ms (FindLiveObjects: 0.266700 ms CreateObjectMapping: 0.098200 ms MarkObjects: 2.839000 ms  DeleteObjects: 0.071200 ms)

========================================================================
Received Import Request.
  Time since last request: 458.425396 seconds.
  path: Assets/Material/gun 2.mat
  artifactKey: Guid(3550f77c58e70044ebdddf0f9f4abc42) Importer(815301076,1909f56bfc062723c751e8b465ee728b)
Start importing Assets/Material/gun 2.mat using Guid(3550f77c58e70044ebdddf0f9f4abc42) Importer(815301076,1909f56bfc062723c751e8b465ee728b)  -> (artifact id: '0b87447fa009ab3b9b6acfe61899793c') in 0.144997 seconds
  Import took 0.148037 seconds .

========================================================================
Received Import Request.
  Time since last request: 0.000278 seconds.
  path: Assets/Material/gun 3.mat
  artifactKey: Guid(5c5128030254abc46ab4e4260c4104e0) Importer(815301076,1909f56bfc062723c751e8b465ee728b)
Start importing Assets/Material/gun 3.mat using Guid(5c5128030254abc46ab4e4260c4104e0) Importer(815301076,1909f56bfc062723c751e8b465ee728b)  -> (artifact id: '763d1766e39a08a91d7ad42a8e20163c') in 0.065507 seconds
  Import took 0.070077 seconds .

========================================================================
Received Import Request.
  Time since last request: 0.000281 seconds.
  path: Assets/Material/gun 1.mat
  artifactKey: Guid(4cb6d4fee7bfe274c899a87800beb1b8) Importer(815301076,1909f56bfc062723c751e8b465ee728b)
Start importing Assets/Material/gun 1.mat using Guid(4cb6d4fee7bfe274c899a87800beb1b8) Importer(815301076,1909f56bfc062723c751e8b465ee728b)  -> (artifact id: '6fcf84a819fd1173a68302c61d555bc9') in 0.079285 seconds
  Import took 0.082406 seconds .

========================================================================
Received Import Request.
  Time since last request: 11.297808 seconds.
  path: Assets/Prefab/Gun.prefab
  artifactKey: Guid(76c99bc249470e14187b250e0d3f2086) Importer(815301076,1909f56bfc062723c751e8b465ee728b)
Start importing Assets/Prefab/Gun.prefab using Guid(76c99bc249470e14187b250e0d3f2086) Importer(815301076,1909f56bfc062723c751e8b465ee728b)  -> (artifact id: 'db27d1a77ff692a112668aaaa25a5e25') in 0.191956 seconds
  Import took 0.197091 seconds .

========================================================================
Received Import Request.
  Time since last request: 373.162275 seconds.
  path: Assets/anim/Animation/walk.anim
  artifactKey: Guid(0679409d4ba3a6342b9f2769730feb07) Importer(815301076,1909f56bfc062723c751e8b465ee728b)
Start importing Assets/anim/Animation/walk.anim using Guid(0679409d4ba3a6342b9f2769730feb07) Importer(815301076,1909f56bfc062723c751e8b465ee728b)  -> (artifact id: '05f713e75b884a842f4755c03e72d017') in 0.023034 seconds
  Import took 0.026907 seconds .

========================================================================
Received Import Request.
  Time since last request: 0.001003 seconds.
  path: Assets/anim/Animation/walk.anim
  artifactKey: Guid(0679409d4ba3a6342b9f2769730feb07) Importer(815301076,1909f56bfc062723c751e8b465ee728b)
Start importing Assets/anim/Animation/walk.anim using Guid(0679409d4ba3a6342b9f2769730feb07) Importer(815301076,1909f56bfc062723c751e8b465ee728b)  -> (artifact id: '05f713e75b884a842f4755c03e72d017') in 0.019528 seconds
  Import took 0.023396 seconds .

========================================================================
Received Import Request.
  Time since last request: 61.336130 seconds.
  path: Assets/anim/Animation/New Animation.anim
  artifactKey: Guid(699ea21d3fbe1dc4ca8386060499dfe0) Importer(815301076,1909f56bfc062723c751e8b465ee728b)
Start importing Assets/anim/Animation/New Animation.anim using Guid(699ea21d3fbe1dc4ca8386060499dfe0) Importer(815301076,1909f56bfc062723c751e8b465ee728b)  -> (artifact id: 'ba04eec3a4ac0cf221886c5fa3ec5029') in 0.061981 seconds
  Import took 0.071313 seconds .

========================================================================
Received Import Request.
  Time since last request: 803.275369 seconds.
  path: Assets/anim/Animator/character.controller
  artifactKey: Guid(19df2f3516a9ad849a4e5937093fc32b) Importer(815301076,1909f56bfc062723c751e8b465ee728b)
Start importing Assets/anim/Animator/character.controller using Guid(19df2f3516a9ad849a4e5937093fc32b) Importer(815301076,1909f56bfc062723c751e8b465ee728b)  -> (artifact id: 'bbcfc683f34bf098fe431b10cf1c2ded') in 0.023830 seconds
  Import took 0.033370 seconds .

========================================================================
Received Prepare
Registering precompiled user dll's ...
Registered in 0.007668 seconds.
Begin MonoManager ReloadAssembly
Native extension for WindowsStandalone target not found
Refreshing native plugins compatible for Editor in 0.77 ms, found 0 plugins.
Preloading 0 native plugins for Editor in 0.00 ms.
Mono: successfully reloaded assembly
- Completed reload, in  1.309 seconds
Platform modules already initialized, skipping
Refreshing native plugins compatible for Editor in 0.22 ms, found 0 plugins.
Preloading 0 native plugins for Editor in 0.00 ms.
Unloading 1116 Unused Serialized files (Serialized files now loaded: 0)
System memory in use before: 60.9 MB.
System memory in use after: 60.9 MB.

Unloading 5 unused Assets to reduce memory usage. Loaded Objects now: 1647.
Total: 1.999600 ms (FindLiveObjects: 0.146500 ms CreateObjectMapping: 0.036000 ms MarkObjects: 1.738000 ms  DeleteObjects: 0.077900 ms)

========================================================================
Received Import Request.
  Time since last request: 706.300655 seconds.
  path: Assets/Script/EnemyMovement.cs
  artifactKey: Guid(4b43fca88e952c34a99d28298528338b) Importer(815301076,1909f56bfc062723c751e8b465ee728b)
Start importing Assets/Script/EnemyMovement.cs using Guid(4b43fca88e952c34a99d28298528338b) Importer(815301076,1909f56bfc062723c751e8b465ee728b)  -> (artifact id: 'f1ea8f16e56b7241eaf381812c7a0c5b') in 0.028394 seconds
  Import took 0.032771 seconds .

========================================================================
Received Import Request.
  Time since last request: 0.016278 seconds.
  path: Assets/Script/EnemyMovement.cs
  artifactKey: Guid(4b43fca88e952c34a99d28298528338b) Importer(815301076,1909f56bfc062723c751e8b465ee728b)
Start importing Assets/Script/EnemyMovement.cs using Guid(4b43fca88e952c34a99d28298528338b) Importer(815301076,1909f56bfc062723c751e8b465ee728b)  -> (artifact id: 'f1ea8f16e56b7241eaf381812c7a0c5b') in 0.011786 seconds
  Import took 0.015086 seconds .

========================================================================
Received Import Request.
  Time since last request: 4.847386 seconds.
  path: Assets/Script/RacketLauncher.cs
  artifactKey: Guid(d646b99ca72e9cc42a5d9af6f2a45686) Importer(815301076,1909f56bfc062723c751e8b465ee728b)
Start importing Assets/Script/RacketLauncher.cs using Guid(d646b99ca72e9cc42a5d9af6f2a45686) Importer(815301076,1909f56bfc062723c751e8b465ee728b)  -> (artifact id: '371130d5c7eb82c6847d3618f5fe86f7') in 0.029876 seconds
  Import took 0.033753 seconds .

========================================================================
Received Prepare
Registering precompiled user dll's ...
Registered in 0.002247 seconds.
Begin MonoManager ReloadAssembly
Native extension for WindowsStandalone target not found
Refreshing native plugins compatible for Editor in 0.29 ms, found 0 plugins.
Preloading 0 native plugins for Editor in 0.00 ms.
Mono: successfully reloaded assembly
- Completed reload, in  2.098 seconds
Platform modules already initialized, skipping
Refreshing native plugins compatible for Editor in 0.36 ms, found 0 plugins.
Preloading 0 native plugins for Editor in 0.00 ms.
Unloading 1116 Unused Serialized files (Serialized files now loaded: 0)
System memory in use before: 60.9 MB.
System memory in use after: 61.0 MB.

Unloading 5 unused Assets to reduce memory usage. Loaded Objects now: 1650.
Total: 3.042300 ms (FindLiveObjects: 0.331300 ms CreateObjectMapping: 0.115900 ms MarkObjects: 2.526500 ms  DeleteObjects: 0.066600 ms)

========================================================================
Received Import Request.
  Time since last request: 64.991522 seconds.
  path: Assets/Script/RacketLauncher.cs
  artifactKey: Guid(d646b99ca72e9cc42a5d9af6f2a45686) Importer(815301076,1909f56bfc062723c751e8b465ee728b)
Start importing Assets/Script/RacketLauncher.cs using Guid(d646b99ca72e9cc42a5d9af6f2a45686) Importer(815301076,1909f56bfc062723c751e8b465ee728b)  -> (artifact id: '934285e2f19adc27e852bc692dfa122d') in 0.015245 seconds
  Import took 0.023465 seconds .

========================================================================
Received Prepare
Registering precompiled user dll's ...
Registered in 0.001238 seconds.
Begin MonoManager ReloadAssembly
Native extension for WindowsStandalone target not found
Refreshing native plugins compatible for Editor in 0.50 ms, found 0 plugins.
Preloading 0 native plugins for Editor in 0.00 ms.
Mono: successfully reloaded assembly
- Completed reload, in  1.367 seconds
Platform modules already initialized, skipping
Refreshing native plugins compatible for Editor in 0.38 ms, found 0 plugins.
Preloading 0 native plugins for Editor in 0.00 ms.
Unloading 1116 Unused Serialized files (Serialized files now loaded: 0)
System memory in use before: 60.9 MB.
System memory in use after: 61.0 MB.

Unloading 5 unused Assets to reduce memory usage. Loaded Objects now: 1653.
Total: 3.681700 ms (FindLiveObjects: 0.167400 ms CreateObjectMapping: 0.035900 ms MarkObjects: 3.326300 ms  DeleteObjects: 0.150200 ms)

========================================================================
Received Import Request.
  Time since last request: 32.451804 seconds.
  path: Assets/Script/RacketLauncher.cs
  artifactKey: Guid(d646b99ca72e9cc42a5d9af6f2a45686) Importer(815301076,1909f56bfc062723c751e8b465ee728b)
Start importing Assets/Script/RacketLauncher.cs using Guid(d646b99ca72e9cc42a5d9af6f2a45686) Importer(815301076,1909f56bfc062723c751e8b465ee728b)  -> (artifact id: 'de3c51130adfb5cc98fa74cb4b81c400') in 0.015736 seconds
  Import took 0.023652 seconds .

========================================================================
Received Prepare
Registering precompiled user dll's ...
Registered in 0.001172 seconds.
Begin MonoManager ReloadAssembly
Native extension for WindowsStandalone target not found
Refreshing native plugins compatible for Editor in 0.24 ms, found 0 plugins.
Preloading 0 native plugins for Editor in 0.00 ms.
Mono: successfully reloaded assembly
- Completed reload, in  1.207 seconds
Platform modules already initialized, skipping
Refreshing native plugins compatible for Editor in 0.25 ms, found 0 plugins.
Preloading 0 native plugins for Editor in 0.00 ms.
Unloading 1116 Unused Serialized files (Serialized files now loaded: 0)
System memory in use before: 60.9 MB.
System memory in use after: 61.0 MB.

Unloading 5 unused Assets to reduce memory usage. Loaded Objects now: 1656.
Total: 5.854100 ms (FindLiveObjects: 0.171600 ms CreateObjectMapping: 0.041000 ms MarkObjects: 5.568800 ms  DeleteObjects: 0.071300 ms)

========================================================================
Received Prepare
Registering precompiled user dll's ...
Registered in 0.001536 seconds.
Begin MonoManager ReloadAssembly
Native extension for WindowsStandalone target not found
Refreshing native plugins compatible for Editor in 0.23 ms, found 0 plugins.
Preloading 0 native plugins for Editor in 0.00 ms.
Mono: successfully reloaded assembly
- Completed reload, in  1.148 seconds
Platform modules already initialized, skipping
Refreshing native plugins compatible for Editor in 0.22 ms, found 0 plugins.
Preloading 0 native plugins for Editor in 0.00 ms.
Unloading 1116 Unused Serialized files (Serialized files now loaded: 0)
System memory in use before: 60.9 MB.
System memory in use after: 61.0 MB.

Unloading 5 unused Assets to reduce memory usage. Loaded Objects now: 1659.
Total: 2.417600 ms (FindLiveObjects: 0.198500 ms CreateObjectMapping: 0.052500 ms MarkObjects: 2.087600 ms  DeleteObjects: 0.076600 ms)

========================================================================
Received Import Request.
  Time since last request: 375.269246 seconds.
  path: Assets/Script/fire.anim
  artifactKey: Guid(e8a9c0ec872aebd4cbe1fbb88baa05cf) Importer(815301076,1909f56bfc062723c751e8b465ee728b)
Start importing Assets/Script/fire.anim using Guid(e8a9c0ec872aebd4cbe1fbb88baa05cf) Importer(815301076,1909f56bfc062723c751e8b465ee728b)  -> (artifact id: '77b64ee030cef5116dd492aafb97165b') in 0.436170 seconds
  Import took 0.438717 seconds .

========================================================================
Received Prepare
Registering precompiled user dll's ...
Registered in 0.001221 seconds.
Begin MonoManager ReloadAssembly
Native extension for WindowsStandalone target not found
Refreshing native plugins compatible for Editor in 0.22 ms, found 0 plugins.
Preloading 0 native plugins for Editor in 0.00 ms.
Mono: successfully reloaded assembly
- Completed reload, in  1.081 seconds
Platform modules already initialized, skipping
Refreshing native plugins compatible for Editor in 0.23 ms, found 0 plugins.
Preloading 0 native plugins for Editor in 0.00 ms.
Unloading 1116 Unused Serialized files (Serialized files now loaded: 0)
System memory in use before: 60.9 MB.
System memory in use after: 61.0 MB.

Unloading 5 unused Assets to reduce memory usage. Loaded Objects now: 1662.
Total: 2.276400 ms (FindLiveObjects: 0.162000 ms CreateObjectMapping: 0.049200 ms MarkObjects: 2.002900 ms  DeleteObjects: 0.060900 ms)

========================================================================
Received Prepare
Registering precompiled user dll's ...
Registered in 0.002263 seconds.
Begin MonoManager ReloadAssembly
Native extension for WindowsStandalone target not found
Refreshing native plugins compatible for Editor in 0.23 ms, found 0 plugins.
Preloading 0 native plugins for Editor in 0.00 ms.
Mono: successfully reloaded assembly
- Completed reload, in  1.405 seconds
Platform modules already initialized, skipping
Refreshing native plugins compatible for Editor in 0.25 ms, found 0 plugins.
Preloading 0 native plugins for Editor in 0.00 ms.
Unloading 1116 Unused Serialized files (Serialized files now loaded: 0)
System memory in use before: 61.0 MB.
System memory in use after: 61.0 MB.

Unloading 5 unused Assets to reduce memory usage. Loaded Objects now: 1665.
Total: 2.831000 ms (FindLiveObjects: 0.252000 ms CreateObjectMapping: 0.081900 ms MarkObjects: 2.387500 ms  DeleteObjects: 0.107500 ms)

========================================================================
Received Prepare
Registering precompiled user dll's ...
Registered in 0.001604 seconds.
Begin MonoManager ReloadAssembly
Native extension for WindowsStandalone target not found
Refreshing native plugins compatible for Editor in 0.23 ms, found 0 plugins.
Preloading 0 native plugins for Editor in 0.00 ms.
Mono: successfully reloaded assembly
- Completed reload, in  1.344 seconds
Platform modules already initialized, skipping
Refreshing native plugins compatible for Editor in 0.22 ms, found 0 plugins.
Preloading 0 native plugins for Editor in 0.00 ms.
Unloading 1116 Unused Serialized files (Serialized files now loaded: 0)
System memory in use before: 61.0 MB.
System memory in use after: 61.0 MB.

Unloading 5 unused Assets to reduce memory usage. Loaded Objects now: 1668.
Total: 2.233300 ms (FindLiveObjects: 0.223300 ms CreateObjectMapping: 0.058700 ms MarkObjects: 1.882800 ms  DeleteObjects: 0.067000 ms)

========================================================================
Received Prepare
Registering precompiled user dll's ...
Registered in 0.001586 seconds.
Begin MonoManager ReloadAssembly
Native extension for WindowsStandalone target not found
Refreshing native plugins compatible for Editor in 0.23 ms, found 0 plugins.
Preloading 0 native plugins for Editor in 0.00 ms.
Mono: successfully reloaded assembly
- Completed reload, in  1.284 seconds
Platform modules already initialized, skipping
Refreshing native plugins compatible for Editor in 0.23 ms, found 0 plugins.
Preloading 0 native plugins for Editor in 0.00 ms.
Unloading 1116 Unused Serialized files (Serialized files now loaded: 0)
System memory in use before: 61.0 MB.
System memory in use after: 61.0 MB.

Unloading 5 unused Assets to reduce memory usage. Loaded Objects now: 1671.
Total: 2.486000 ms (FindLiveObjects: 0.170200 ms CreateObjectMapping: 0.061300 ms MarkObjects: 2.173000 ms  DeleteObjects: 0.080100 ms)

========================================================================
Received Prepare
Registering precompiled user dll's ...
Registered in 0.001413 seconds.
Begin MonoManager ReloadAssembly
Native extension for WindowsStandalone target not found
Refreshing native plugins compatible for Editor in 0.23 ms, found 0 plugins.
Preloading 0 native plugins for Editor in 0.00 ms.
Mono: successfully reloaded assembly
- Completed reload, in  1.217 seconds
Platform modules already initialized, skipping
Refreshing native plugins compatible for Editor in 0.23 ms, found 0 plugins.
Preloading 0 native plugins for Editor in 0.00 ms.
Unloading 1116 Unused Serialized files (Serialized files now loaded: 0)
System memory in use before: 61.0 MB.
System memory in use after: 61.0 MB.

Unloading 5 unused Assets to reduce memory usage. Loaded Objects now: 1674.
Total: 2.008700 ms (FindLiveObjects: 0.154800 ms CreateObjectMapping: 0.053300 ms MarkObjects: 1.737900 ms  DeleteObjects: 0.061400 ms)

========================================================================
Received Prepare
Registering precompiled user dll's ...
Registered in 0.001157 seconds.
Begin MonoManager ReloadAssembly
Native extension for WindowsStandalone target not found
Refreshing native plugins compatible for Editor in 0.34 ms, found 0 plugins.
Preloading 0 native plugins for Editor in 0.00 ms.
Mono: successfully reloaded assembly
- Completed reload, in  1.156 seconds
Platform modules already initialized, skipping
Refreshing native plugins compatible for Editor in 0.21 ms, found 0 plugins.
Preloading 0 native plugins for Editor in 0.00 ms.
Unloading 1116 Unused Serialized files (Serialized files now loaded: 0)
System memory in use before: 61.0 MB.
System memory in use after: 61.0 MB.

Unloading 5 unused Assets to reduce memory usage. Loaded Objects now: 1677.
Total: 1.962400 ms (FindLiveObjects: 0.173900 ms CreateObjectMapping: 0.036600 ms MarkObjects: 1.686800 ms  DeleteObjects: 0.063900 ms)

========================================================================
Received Prepare
Registering precompiled user dll's ...
Registered in 0.001192 seconds.
Begin MonoManager ReloadAssembly
Native extension for WindowsStandalone target not found
Refreshing native plugins compatible for Editor in 0.22 ms, found 0 plugins.
Preloading 0 native plugins for Editor in 0.00 ms.
Mono: successfully reloaded assembly
- Completed reload, in  1.147 seconds
Platform modules already initialized, skipping
Refreshing native plugins compatible for Editor in 0.22 ms, found 0 plugins.
Preloading 0 native plugins for Editor in 0.00 ms.
Unloading 1116 Unused Serialized files (Serialized files now loaded: 0)
System memory in use before: 61.0 MB.
System memory in use after: 61.1 MB.

Unloading 5 unused Assets to reduce memory usage. Loaded Objects now: 1680.
Total: 2.039900 ms (FindLiveObjects: 0.156500 ms CreateObjectMapping: 0.036600 ms MarkObjects: 1.777300 ms  DeleteObjects: 0.068300 ms)

========================================================================
Received Prepare
Registering precompiled user dll's ...
Registered in 0.001171 seconds.
Begin MonoManager ReloadAssembly
Native extension for WindowsStandalone target not found
Refreshing native plugins compatible for Editor in 0.23 ms, found 0 plugins.
Preloading 0 native plugins for Editor in 0.00 ms.
Mono: successfully reloaded assembly
- Completed reload, in  1.075 seconds
Platform modules already initialized, skipping
Refreshing native plugins compatible for Editor in 0.26 ms, found 0 plugins.
Preloading 0 native plugins for Editor in 0.00 ms.
Unloading 1116 Unused Serialized files (Serialized files now loaded: 0)
System memory in use before: 61.0 MB.
System memory in use after: 61.1 MB.

Unloading 5 unused Assets to reduce memory usage. Loaded Objects now: 1683.
Total: 2.729700 ms (FindLiveObjects: 0.191300 ms CreateObjectMapping: 0.076300 ms MarkObjects: 2.393000 ms  DeleteObjects: 0.067500 ms)

========================================================================
Received Prepare
Registering precompiled user dll's ...
Registered in 0.001573 seconds.
Begin MonoManager ReloadAssembly
Native extension for WindowsStandalone target not found
Refreshing native plugins compatible for Editor in 0.25 ms, found 0 plugins.
Preloading 0 native plugins for Editor in 0.00 ms.
Mono: successfully reloaded assembly
- Completed reload, in  1.090 seconds
Platform modules already initialized, skipping
Refreshing native plugins compatible for Editor in 0.24 ms, found 0 plugins.
Preloading 0 native plugins for Editor in 0.00 ms.
Unloading 1116 Unused Serialized files (Serialized files now loaded: 0)
System memory in use before: 61.0 MB.
System memory in use after: 61.1 MB.

Unloading 5 unused Assets to reduce memory usage. Loaded Objects now: 1686.
Total: 2.347300 ms (FindLiveObjects: 0.177000 ms CreateObjectMapping: 0.042000 ms MarkObjects: 2.067200 ms  DeleteObjects: 0.059800 ms)

========================================================================
Received Import Request.
  Time since last request: 1668.081847 seconds.
  path: Assets/Material/map.mat
  artifactKey: Guid(4079e61a3c9892e4b84e4acff55f57af) Importer(815301076,1909f56bfc062723c751e8b465ee728b)
Start importing Assets/Material/map.mat using Guid(4079e61a3c9892e4b84e4acff55f57af) Importer(815301076,1909f56bfc062723c751e8b465ee728b)  -> (artifact id: '57ed1ecf8e3f79aa6cf56f767a591c7c') in 0.725206 seconds
  Import took 0.727838 seconds .

========================================================================
Received Prepare
Registering precompiled user dll's ...
Registered in 0.003845 seconds.
Begin MonoManager ReloadAssembly
Native extension for WindowsStandalone target not found
Refreshing native plugins compatible for Editor in 0.22 ms, found 0 plugins.
Preloading 0 native plugins for Editor in 0.00 ms.
Mono: successfully reloaded assembly
- Completed reload, in  1.161 seconds
Platform modules already initialized, skipping
Refreshing native plugins compatible for Editor in 0.22 ms, found 0 plugins.
Preloading 0 native plugins for Editor in 0.00 ms.
Unloading 1116 Unused Serialized files (Serialized files now loaded: 0)
System memory in use before: 61.0 MB.
System memory in use after: 61.1 MB.

Unloading 5 unused Assets to reduce memory usage. Loaded Objects now: 1690.
Total: 1.833400 ms (FindLiveObjects: 0.155900 ms CreateObjectMapping: 0.072500 ms MarkObjects: 1.550000 ms  DeleteObjects: 0.053800 ms)

========================================================================
Received Import Request.
  Time since last request: 48.925215 seconds.
  path: Assets/Material/map 1.mat
  artifactKey: Guid(1d23bfadc3c740a46a85a75f85aba01a) Importer(815301076,1909f56bfc062723c751e8b465ee728b)
Start importing Assets/Material/map 1.mat using Guid(1d23bfadc3c740a46a85a75f85aba01a) Importer(815301076,1909f56bfc062723c751e8b465ee728b)  -> (artifact id: '667cb1ccc19108558fbb70577287e01c') in 0.171494 seconds
  Import took 0.180004 seconds .

========================================================================
Received Prepare
Registering precompiled user dll's ...
Registered in 0.001283 seconds.
Begin MonoManager ReloadAssembly
Native extension for WindowsStandalone target not found
Refreshing native plugins compatible for Editor in 0.22 ms, found 0 plugins.
Preloading 0 native plugins for Editor in 0.00 ms.
Mono: successfully reloaded assembly
- Completed reload, in  1.406 seconds
Platform modules already initialized, skipping
Refreshing native plugins compatible for Editor in 0.47 ms, found 0 plugins.
Preloading 0 native plugins for Editor in 0.00 ms.
Unloading 1116 Unused Serialized files (Serialized files now loaded: 0)
System memory in use before: 61.0 MB.
System memory in use after: 61.1 MB.

Unloading 5 unused Assets to reduce memory usage. Loaded Objects now: 1694.
Total: 3.476000 ms (FindLiveObjects: 0.172000 ms CreateObjectMapping: 0.058000 ms MarkObjects: 3.122000 ms  DeleteObjects: 0.121600 ms)

========================================================================
Received Import Request.
  Time since last request: 342.358766 seconds.
  path: Assets/Scenes
  artifactKey: Guid(d09c54c65c7ca44409c01735a539ac2f) Importer(815301076,1909f56bfc062723c751e8b465ee728b)
Start importing Assets/Scenes using Guid(d09c54c65c7ca44409c01735a539ac2f) Importer(815301076,1909f56bfc062723c751e8b465ee728b)  -> (artifact id: '257018d9598db6b14b255ce3cc4146f8') in 0.025593 seconds
  Import took 0.034188 seconds .

========================================================================
Received Prepare
Registering precompiled user dll's ...
Registered in 0.001360 seconds.
Begin MonoManager ReloadAssembly
Native extension for WindowsStandalone target not found
Refreshing native plugins compatible for Editor in 0.25 ms, found 0 plugins.
Preloading 0 native plugins for Editor in 0.00 ms.
Mono: successfully reloaded assembly
- Completed reload, in  1.271 seconds
Platform modules already initialized, skipping
Refreshing native plugins compatible for Editor in 0.22 ms, found 0 plugins.
Preloading 0 native plugins for Editor in 0.00 ms.
Unloading 1116 Unused Serialized files (Serialized files now loaded: 0)
System memory in use before: 61.0 MB.
System memory in use after: 61.1 MB.

Unloading 5 unused Assets to reduce memory usage. Loaded Objects now: 1697.
Total: 2.005700 ms (FindLiveObjects: 0.153800 ms CreateObjectMapping: 0.041200 ms MarkObjects: 1.752000 ms  DeleteObjects: 0.057500 ms)

========================================================================
Received Prepare
Registering precompiled user dll's ...
Registered in 0.001189 seconds.
Begin MonoManager ReloadAssembly
Native extension for WindowsStandalone target not found
Refreshing native plugins compatible for Editor in 0.45 ms, found 0 plugins.
Preloading 0 native plugins for Editor in 0.00 ms.
Mono: successfully reloaded assembly
- Completed reload, in  2.079 seconds
Platform modules already initialized, skipping
Refreshing native plugins compatible for Editor in 0.22 ms, found 0 plugins.
Preloading 0 native plugins for Editor in 0.00 ms.
Unloading 1116 Unused Serialized files (Serialized files now loaded: 0)
System memory in use before: 61.0 MB.
System memory in use after: 61.1 MB.

Unloading 5 unused Assets to reduce memory usage. Loaded Objects now: 1700.
Total: 3.074200 ms (FindLiveObjects: 0.417800 ms CreateObjectMapping: 0.111400 ms MarkObjects: 2.455700 ms  DeleteObjects: 0.087500 ms)

========================================================================
Received Prepare
Registering precompiled user dll's ...
Registered in 0.003528 seconds.
Begin MonoManager ReloadAssembly
Native extension for WindowsStandalone target not found
Refreshing native plugins compatible for Editor in 0.35 ms, found 0 plugins.
Preloading 0 native plugins for Editor in 0.00 ms.
Mono: successfully reloaded assembly
- Completed reload, in  8.127 seconds
Platform modules already initialized, skipping
Refreshing native plugins compatible for Editor in 0.25 ms, found 0 plugins.
Preloading 0 native plugins for Editor in 0.00 ms.
Unloading 1116 Unused Serialized files (Serialized files now loaded: 0)
System memory in use before: 61.0 MB.
System memory in use after: 61.1 MB.

Unloading 5 unused Assets to reduce memory usage. Loaded Objects now: 1703.
Total: 147.515100 ms (FindLiveObjects: 0.167500 ms CreateObjectMapping: 0.038100 ms MarkObjects: 147.161500 ms  DeleteObjects: 0.146200 ms)

